# JRE version: OpenJDK Runtime Environment (8.0_242-b01) (build 1.8.0_242-release-1644-b01)
# Java VM: OpenJDK 64-Bit Server VM (25.242-b01 mixed mode windows-amd64 compressed oops)
Heap:
 PSYoungGen      total 288256K, used 135486K [0x00000000d5580000, 0x00000000ec500000, 0x0000000100000000)
  eden space 272384K, 43% used [0x00000000d5580000,0x00000000dca54cd0,0x00000000e5f80000)
  from space 15872K, 99% used [0x00000000e5f80000,0x00000000e6efaef8,0x00000000e6f00000)
  to   space 30720K, 0% used [0x00000000ea700000,0x00000000ea700000,0x00000000ec500000)
 ParOldGen       total 115200K, used 62567K [0x0000000080000000, 0x0000000087080000, 0x00000000d5580000)
  object space 115200K, 54% used [0x0000000080000000,0x0000000083d19f68,0x0000000087080000)
 Metaspace       used 82172K, capacity 86150K, committed 86296K, reserved 1124352K
  class space    used 11035K, capacity 11794K, committed 11824K, reserved 1048576K
GC Heap History (10 events):
Event: 9.958 GC heap before
{Heap before GC invocations=10 (full 2):
 PSYoungGen      total 205824K, used 192512K [0x00000000d5580000, 0x00000000e7c00000, 0x0000000100000000)
  eden space 192512K, 100% used [0x00000000d5580000,0x00000000e1180000,0x00000000e1180000)
  from space 13312K, 0% used [0x00000000e1180000,0x00000000e1180000,0x00000000e1e80000)
  to   space 13312K, 0% used [0x00000000e6f00000,0x00000000e6f00000,0x00000000e7c00000)
 ParOldGen       total 115200K, used 16262K [0x0000000080000000, 0x0000000087080000, 0x00000000d5580000)
  object space 115200K, 14% used [0x0000000080000000,0x0000000080fe1838,0x0000000087080000)
 Metaspace       used 44620K, capacity 46474K, committed 46632K, reserved 1089536K
  class space    used 6055K, capacity 6421K, committed 6448K, reserved 1048576K
Event: 10.001 GC heap after
Heap after GC invocations=10 (full 2):
 PSYoungGen      total 285696K, used 13307K [0x00000000d5580000, 0x00000000e8100000, 0x0000000100000000)
  eden space 272384K, 0% used [0x00000000d5580000,0x00000000d5580000,0x00000000e5f80000)
  from space 13312K, 99% used [0x00000000e6f00000,0x00000000e7bfedb0,0x00000000e7c00000)
  to   space 15872K, 0% used [0x00000000e5f80000,0x00000000e5f80000,0x00000000e6f00000)
 ParOldGen       total 115200K, used 18371K [0x0000000080000000, 0x0000000087080000, 0x00000000d5580000)
  object space 115200K, 15% used [0x0000000080000000,0x00000000811f0ed0,0x0000000087080000)
 Metaspace       used 44620K, capacity 46474K, committed 46632K, reserved 1089536K
  class space    used 6055K, capacity 6421K, committed 6448K, reserved 1048576K
}
Event: 13.051 GC heap before
{Heap before GC invocations=11 (full 2):
 PSYoungGen      total 285696K, used 167254K [0x00000000d5580000, 0x00000000e8100000, 0x0000000100000000)
  eden space 272384K, 56% used [0x00000000d5580000,0x00000000debd6c68,0x00000000e5f80000)
  from space 13312K, 99% used [0x00000000e6f00000,0x00000000e7bfedb0,0x00000000e7c00000)
  to   space 15872K, 0% used [0x00000000e5f80000,0x00000000e5f80000,0x00000000e6f00000)
 ParOldGen       total 115200K, used 18371K [0x0000000080000000, 0x0000000087080000, 0x00000000d5580000)
  object space 115200K, 15% used [0x0000000080000000,0x00000000811f0ed0,0x0000000087080000)
 Metaspace       used 56846K, capacity 59026K, committed 59160K, reserved 1099776K
  class space    used 7699K, capacity 8154K, committed 8240K, reserved 1048576K
Event: 13.104 GC heap after
Heap after GC invocations=11 (full 2):
 PSYoungGen      total 288256K, used 15870K [0x00000000d5580000, 0x00000000e8100000, 0x0000000100000000)
  eden space 272384K, 0% used [0x00000000d5580000,0x00000000d5580000,0x00000000e5f80000)
  from space 15872K, 99% used [0x00000000e5f80000,0x00000000e6effba0,0x00000000e6f00000)
  to   space 13312K, 0% used [0x00000000e6f00000,0x00000000e6f00000,0x00000000e7c00000)
 ParOldGen       total 115200K, used 29097K [0x0000000080000000, 0x0000000087080000, 0x00000000d5580000)
  object space 115200K, 25% used [0x0000000080000000,0x0000000081c6a740,0x0000000087080000)
 Metaspace       used 56846K, capacity 59026K, committed 59160K, reserved 1099776K
  class space    used 7699K, capacity 8154K, committed 8240K, reserved 1048576K
}
Event: 13.104 GC heap before
{Heap before GC invocations=12 (full 3):
 PSYoungGen      total 288256K, used 15870K [0x00000000d5580000, 0x00000000e8100000, 0x0000000100000000)
  eden space 272384K, 0% used [0x00000000d5580000,0x00000000d5580000,0x00000000e5f80000)
  from space 15872K, 99% used [0x00000000e5f80000,0x00000000e6effba0,0x00000000e6f00000)
  to   space 13312K, 0% used [0x00000000e6f00000,0x00000000e6f00000,0x00000000e7c00000)
 ParOldGen       total 115200K, used 29097K [0x0000000080000000, 0x0000000087080000, 0x00000000d5580000)
  object space 115200K, 25% used [0x0000000080000000,0x0000000081c6a740,0x0000000087080000)
 Metaspace       used 56846K, capacity 59026K, committed 59160K, reserved 1099776K
  class space    used 7699K, capacity 8154K, committed 8240K, reserved 1048576K
Event: 13.466 GC heap after
Heap after GC invocations=12 (full 3):
 PSYoungGen      total 288256K, used 0K [0x00000000d5580000, 0x00000000e8100000, 0x0000000100000000)
  eden space 272384K, 0% used [0x00000000d5580000,0x00000000d5580000,0x00000000e5f80000)
  from space 15872K, 0% used [0x00000000e5f80000,0x00000000e5f80000,0x00000000e6f00000)
  to   space 13312K, 0% used [0x00000000e6f00000,0x00000000e6f00000,0x00000000e7c00000)
 ParOldGen       total 115200K, used 38959K [0x0000000080000000, 0x0000000087080000, 0x00000000d5580000)
  object space 115200K, 33% used [0x0000000080000000,0x000000008260be80,0x0000000087080000)
 Metaspace       used 56828K, capacity 58966K, committed 59160K, reserved 1099776K
  class space    used 7694K, capacity 8144K, committed 8240K, reserved 1048576K
}
Event: 19.380 GC heap before
{Heap before GC invocations=13 (full 3):
 PSYoungGen      total 288256K, used 272384K [0x00000000d5580000, 0x00000000e8100000, 0x0000000100000000)
  eden space 272384K, 100% used [0x00000000d5580000,0x00000000e5f80000,0x00000000e5f80000)
  from space 15872K, 0% used [0x00000000e5f80000,0x00000000e5f80000,0x00000000e6f00000)
  to   space 13312K, 0% used [0x00000000e6f00000,0x00000000e6f00000,0x00000000e7c00000)
 ParOldGen       total 115200K, used 38959K [0x0000000080000000, 0x0000000087080000, 0x00000000d5580000)
  object space 115200K, 33% used [0x0000000080000000,0x000000008260be80,0x0000000087080000)
 Metaspace       used 66554K, capacity 69514K, committed 69656K, reserved 1110016K
  class space    used 9088K, capacity 9690K, committed 9776K, reserved 1048576K
Event: 19.419 GC heap after
Heap after GC invocations=13 (full 3):
 PSYoungGen      total 285696K, used 13304K [0x00000000d5580000, 0x00000000e8100000, 0x0000000100000000)
  eden space 272384K, 0% used [0x00000000d5580000,0x00000000d5580000,0x00000000e5f80000)
  from space 13312K, 99% used [0x00000000e6f00000,0x00000000e7bfe080,0x00000000e7c00000)
  to   space 15872K, 0% used [0x00000000e5f80000,0x00000000e5f80000,0x00000000e6f00000)
 ParOldGen       total 115200K, used 48202K [0x0000000080000000, 0x0000000087080000, 0x00000000d5580000)
  object space 115200K, 41% used [0x0000000080000000,0x0000000082f12bb0,0x0000000087080000)
 Metaspace       used 66554K, capacity 69514K, committed 69656K, reserved 1110016K
  class space    used 9088K, capacity 9690K, committed 9776K, reserved 1048576K
}
Event: 221.657 GC heap before
{Heap before GC invocations=14 (full 3):
 PSYoungGen      total 285696K, used 285688K [0x00000000d5580000, 0x00000000e8100000, 0x0000000100000000)
  eden space 272384K, 100% used [0x00000000d5580000,0x00000000e5f80000,0x00000000e5f80000)
  from space 13312K, 99% used [0x00000000e6f00000,0x00000000e7bfe080,0x00000000e7c00000)
  to   space 15872K, 0% used [0x00000000e5f80000,0x00000000e5f80000,0x00000000e6f00000)
 ParOldGen       total 115200K, used 48202K [0x0000000080000000, 0x0000000087080000, 0x00000000d5580000)
  object space 115200K, 41% used [0x0000000080000000,0x0000000082f12bb0,0x0000000087080000)
 Metaspace       used 75148K, capacity 78480K, committed 78744K, reserved 1118208K
  class space    used 9926K, capacity 10573K, committed 10672K, reserved 1048576K
Event: 221.724 GC heap after
Heap after GC invocations=14 (full 3):
 PSYoungGen      total 288256K, used 15851K [0x00000000d5580000, 0x00000000ec500000, 0x0000000100000000)
  eden space 272384K, 0% used [0x00000000d5580000,0x00000000d5580000,0x00000000e5f80000)
  from space 15872K, 99% used [0x00000000e5f80000,0x00000000e6efaef8,0x00000000e6f00000)
  to   space 30720K, 0% used [0x00000000ea700000,0x00000000ea700000,0x00000000ec500000)
 ParOldGen       total 115200K, used 62567K [0x0000000080000000, 0x0000000087080000, 0x00000000d5580000)
  object space 115200K, 54% used [0x0000000080000000,0x0000000083d19f68,0x0000000087080000)
 Metaspace       used 75148K, capacity 78480K, committed 78744K, reserved 1118208K
  class space    used 9926K, capacity 10573K, committed 10672K, reserved 1048576K
}

