# JRE version: OpenJDK Runtime Environment (8.0_242-b01) (build 1.8.0_242-release-1644-b01)
# Java VM: OpenJDK 64-Bit Server VM (25.242-b01 mixed mode windows-amd64 compressed oops)
Heap:
 PSYoungGen      total 322560K, used 145598K [0x00000000e0000000, 0x00000000f9380000, 0x0000000100000000)
  eden space 306176K, 47% used [0x00000000e0000000,0x00000000e8e2fa08,0x00000000f2b00000)
  from space 16384K, 0% used [0x00000000f2b00000,0x00000000f2b00000,0x00000000f3b00000)
  to   space 23040K, 0% used [0x00000000f7d00000,0x00000000f7d00000,0x00000000f9380000)
 ParOldGen       total 102912K, used 40560K [0x00000000a0000000, 0x00000000a6480000, 0x00000000e0000000)
  object space 102912K, 39% used [0x00000000a0000000,0x00000000a279c1b0,0x00000000a6480000)
 Metaspace       used 64394K, capacity 67284K, committed 67476K, reserved 1107968K
  class space    used 8790K, capacity 9366K, committed 9404K, reserved 1048576K
GC Heap History (10 events):
Event: 8.580 GC heap before
{Heap before GC invocations=8 (full 1):
 PSYoungGen      total 187904K, used 80439K [0x00000000e0000000, 0x00000000ed600000, 0x0000000100000000)
  eden space 176640K, 39% used [0x00000000e0000000,0x00000000e438e4a0,0x00000000eac80000)
  from space 11264K, 99% used [0x00000000ecb00000,0x00000000ed5ff908,0x00000000ed600000)
  to   space 13312K, 0% used [0x00000000ebc00000,0x00000000ebc00000,0x00000000ec900000)
 ParOldGen       total 67072K, used 8045K [0x00000000a0000000, 0x00000000a4180000, 0x00000000e0000000)
  object space 67072K, 11% used [0x00000000a0000000,0x00000000a07db4d8,0x00000000a4180000)
 Metaspace       used 34019K, capacity 35262K, committed 35416K, reserved 1079296K
  class space    used 4585K, capacity 4884K, committed 4992K, reserved 1048576K
Event: 8.620 GC heap after
Heap after GC invocations=8 (full 1):
 PSYoungGen      total 205824K, used 10689K [0x00000000e0000000, 0x00000000f4b00000, 0x0000000100000000)
  eden space 192512K, 0% used [0x00000000e0000000,0x00000000e0000000,0x00000000ebc00000)
  from space 13312K, 80% used [0x00000000ebc00000,0x00000000ec670448,0x00000000ec900000)
  to   space 13824K, 0% used [0x00000000f3d80000,0x00000000f3d80000,0x00000000f4b00000)
 ParOldGen       total 67072K, used 8053K [0x00000000a0000000, 0x00000000a4180000, 0x00000000e0000000)
  object space 67072K, 12% used [0x00000000a0000000,0x00000000a07dd4d8,0x00000000a4180000)
 Metaspace       used 34019K, capacity 35262K, committed 35416K, reserved 1079296K
  class space    used 4585K, capacity 4884K, committed 4992K, reserved 1048576K
}
Event: 8.620 GC heap before
{Heap before GC invocations=9 (full 2):
 PSYoungGen      total 205824K, used 10689K [0x00000000e0000000, 0x00000000f4b00000, 0x0000000100000000)
  eden space 192512K, 0% used [0x00000000e0000000,0x00000000e0000000,0x00000000ebc00000)
  from space 13312K, 80% used [0x00000000ebc00000,0x00000000ec670448,0x00000000ec900000)
  to   space 13824K, 0% used [0x00000000f3d80000,0x00000000f3d80000,0x00000000f4b00000)
 ParOldGen       total 67072K, used 8053K [0x00000000a0000000, 0x00000000a4180000, 0x00000000e0000000)
  object space 67072K, 12% used [0x00000000a0000000,0x00000000a07dd4d8,0x00000000a4180000)
 Metaspace       used 34019K, capacity 35262K, committed 35416K, reserved 1079296K
  class space    used 4585K, capacity 4884K, committed 4992K, reserved 1048576K
Event: 8.916 GC heap after
Heap after GC invocations=9 (full 2):
 PSYoungGen      total 205824K, used 0K [0x00000000e0000000, 0x00000000f4b00000, 0x0000000100000000)
  eden space 192512K, 0% used [0x00000000e0000000,0x00000000e0000000,0x00000000ebc00000)
  from space 13312K, 0% used [0x00000000ebc00000,0x00000000ebc00000,0x00000000ec900000)
  to   space 13824K, 0% used [0x00000000f3d80000,0x00000000f3d80000,0x00000000f4b00000)
 ParOldGen       total 102912K, used 17041K [0x00000000a0000000, 0x00000000a6480000, 0x00000000e0000000)
  object space 102912K, 16% used [0x00000000a0000000,0x00000000a10a4528,0x00000000a6480000)
 Metaspace       used 34019K, capacity 35262K, committed 35416K, reserved 1079296K
  class space    used 4585K, capacity 4884K, committed 4992K, reserved 1048576K
}
Event: 12.160 GC heap before
{Heap before GC invocations=10 (full 2):
 PSYoungGen      total 205824K, used 192512K [0x00000000e0000000, 0x00000000f4b00000, 0x0000000100000000)
  eden space 192512K, 100% used [0x00000000e0000000,0x00000000ebc00000,0x00000000ebc00000)
  from space 13312K, 0% used [0x00000000ebc00000,0x00000000ebc00000,0x00000000ec900000)
  to   space 13824K, 0% used [0x00000000f3d80000,0x00000000f3d80000,0x00000000f4b00000)
 ParOldGen       total 102912K, used 17041K [0x00000000a0000000, 0x00000000a6480000, 0x00000000e0000000)
  object space 102912K, 16% used [0x00000000a0000000,0x00000000a10a4528,0x00000000a6480000)
 Metaspace       used 44092K, capacity 46148K, committed 46424K, reserved 1089536K
  class space    used 6018K, capacity 6444K, committed 6528K, reserved 1048576K
Event: 12.193 GC heap after
Heap after GC invocations=10 (full 2):
 PSYoungGen      total 300544K, used 13806K [0x00000000e0000000, 0x00000000f4b00000, 0x0000000100000000)
  eden space 286720K, 0% used [0x00000000e0000000,0x00000000e0000000,0x00000000f1800000)
  from space 13824K, 99% used [0x00000000f3d80000,0x00000000f4afb870,0x00000000f4b00000)
  to   space 16384K, 0% used [0x00000000f2b00000,0x00000000f2b00000,0x00000000f3b00000)
 ParOldGen       total 102912K, used 19329K [0x00000000a0000000, 0x00000000a6480000, 0x00000000e0000000)
  object space 102912K, 18% used [0x00000000a0000000,0x00000000a12e0520,0x00000000a6480000)
 Metaspace       used 44092K, capacity 46148K, committed 46424K, reserved 1089536K
  class space    used 6018K, capacity 6444K, committed 6528K, reserved 1048576K
}
Event: 15.359 GC heap before
{Heap before GC invocations=11 (full 2):
 PSYoungGen      total 300544K, used 171330K [0x00000000e0000000, 0x00000000f4b00000, 0x0000000100000000)
  eden space 286720K, 54% used [0x00000000e0000000,0x00000000e99d5148,0x00000000f1800000)
  from space 13824K, 99% used [0x00000000f3d80000,0x00000000f4afb870,0x00000000f4b00000)
  to   space 16384K, 0% used [0x00000000f2b00000,0x00000000f2b00000,0x00000000f3b00000)
 ParOldGen       total 102912K, used 19329K [0x00000000a0000000, 0x00000000a6480000, 0x00000000e0000000)
  object space 102912K, 18% used [0x00000000a0000000,0x00000000a12e0520,0x00000000a6480000)
 Metaspace       used 56520K, capacity 58950K, committed 59028K, reserved 1099776K
  class space    used 7591K, capacity 8093K, committed 8124K, reserved 1048576K
Event: 15.439 GC heap after
Heap after GC invocations=11 (full 2):
 PSYoungGen      total 322560K, used 16380K [0x00000000e0000000, 0x00000000f9380000, 0x0000000100000000)
  eden space 306176K, 0% used [0x00000000e0000000,0x00000000e0000000,0x00000000f2b00000)
  from space 16384K, 99% used [0x00000000f2b00000,0x00000000f3aff350,0x00000000f3b00000)
  to   space 23040K, 0% used [0x00000000f7d00000,0x00000000f7d00000,0x00000000f9380000)
 ParOldGen       total 102912K, used 29975K [0x00000000a0000000, 0x00000000a6480000, 0x00000000e0000000)
  object space 102912K, 29% used [0x00000000a0000000,0x00000000a1d45f38,0x00000000a6480000)
 Metaspace       used 56520K, capacity 58950K, committed 59028K, reserved 1099776K
  class space    used 7591K, capacity 8093K, committed 8124K, reserved 1048576K
}
Event: 15.439 GC heap before
{Heap before GC invocations=12 (full 3):
 PSYoungGen      total 322560K, used 16380K [0x00000000e0000000, 0x00000000f9380000, 0x0000000100000000)
  eden space 306176K, 0% used [0x00000000e0000000,0x00000000e0000000,0x00000000f2b00000)
  from space 16384K, 99% used [0x00000000f2b00000,0x00000000f3aff350,0x00000000f3b00000)
  to   space 23040K, 0% used [0x00000000f7d00000,0x00000000f7d00000,0x00000000f9380000)
 ParOldGen       total 102912K, used 29975K [0x00000000a0000000, 0x00000000a6480000, 0x00000000e0000000)
  object space 102912K, 29% used [0x00000000a0000000,0x00000000a1d45f38,0x00000000a6480000)
 Metaspace       used 56520K, capacity 58950K, committed 59028K, reserved 1099776K
  class space    used 7591K, capacity 8093K, committed 8124K, reserved 1048576K
Event: 15.970 GC heap after
Heap after GC invocations=12 (full 3):
 PSYoungGen      total 322560K, used 0K [0x00000000e0000000, 0x00000000f9380000, 0x0000000100000000)
  eden space 306176K, 0% used [0x00000000e0000000,0x00000000e0000000,0x00000000f2b00000)
  from space 16384K, 0% used [0x00000000f2b00000,0x00000000f2b00000,0x00000000f3b00000)
  to   space 23040K, 0% used [0x00000000f7d00000,0x00000000f7d00000,0x00000000f9380000)
 ParOldGen       total 102912K, used 40560K [0x00000000a0000000, 0x00000000a6480000, 0x00000000e0000000)
  object space 102912K, 39% used [0x00000000a0000000,0x00000000a279c1b0,0x00000000a6480000)
 Metaspace       used 56499K, capacity 58878K, committed 59028K, reserved 1099776K
  class space    used 7585K, capacity 8081K, committed 8124K, reserved 1048576K
}

