# JRE version: OpenJDK Runtime Environment (8.0_242-b01) (build 1.8.0_242-release-1644-b01)
# Java VM: OpenJDK 64-Bit Server VM (25.242-b01 mixed mode windows-amd64 compressed oops)
Heap:
 PSYoungGen      total 335872K, used 300227K [0x00000000d5580000, 0x00000000ec500000, 0x0000000100000000)
  eden space 314880K, 88% used [0x00000000d5580000,0x00000000e666c150,0x00000000e8900000)
  from space 20992K, 98% used [0x00000000eb080000,0x00000000ec4c4df0,0x00000000ec500000)
  to   space 24576K, 0% used [0x00000000e9500000,0x00000000e9500000,0x00000000ead00000)
 ParOldGen       total 176640K, used 38997K [0x0000000080000000, 0x000000008ac80000, 0x00000000d5580000)
  object space 176640K, 22% used [0x0000000080000000,0x00000000826156f0,0x000000008ac80000)
 Metaspace       used 79288K, capacity 83222K, committed 83352K, reserved 1120256K
  class space    used 10854K, capacity 11632K, committed 11696K, reserved 1048576K
GC Heap History (10 events):
Event: 6.489 GC heap before
{Heap before GC invocations=9 (full 2):
 PSYoungGen      total 205824K, used 9914K [0x00000000d5580000, 0x00000000e7280000, 0x0000000100000000)
  eden space 192512K, 0% used [0x00000000d5580000,0x00000000d5580000,0x00000000e1180000)
  from space 13312K, 74% used [0x00000000e1180000,0x00000000e1b2eac8,0x00000000e1e80000)
  to   space 13312K, 0% used [0x00000000e6580000,0x00000000e6580000,0x00000000e7280000)
 ParOldGen       total 73728K, used 7006K [0x0000000080000000, 0x0000000084800000, 0x00000000d5580000)
  object space 73728K, 9% used [0x0000000080000000,0x00000000806d7998,0x0000000084800000)
 Metaspace       used 34283K, capacity 35424K, committed 35496K, reserved 1079296K
  class space    used 4721K, capacity 5005K, committed 5040K, reserved 1048576K
Event: 6.605 GC heap after
Heap after GC invocations=9 (full 2):
 PSYoungGen      total 205824K, used 0K [0x00000000d5580000, 0x00000000e7280000, 0x0000000100000000)
  eden space 192512K, 0% used [0x00000000d5580000,0x00000000d5580000,0x00000000e1180000)
  from space 13312K, 0% used [0x00000000e1180000,0x00000000e1180000,0x00000000e1e80000)
  to   space 13312K, 0% used [0x00000000e6580000,0x00000000e6580000,0x00000000e7280000)
 ParOldGen       total 113664K, used 16305K [0x0000000080000000, 0x0000000086f00000, 0x00000000d5580000)
  object space 113664K, 14% used [0x0000000080000000,0x0000000080fec7f0,0x0000000086f00000)
 Metaspace       used 34283K, capacity 35424K, committed 35496K, reserved 1079296K
  class space    used 4721K, capacity 5005K, committed 5040K, reserved 1048576K
}
Event: 9.220 GC heap before
{Heap before GC invocations=10 (full 2):
 PSYoungGen      total 205824K, used 192512K [0x00000000d5580000, 0x00000000e7280000, 0x0000000100000000)
  eden space 192512K, 100% used [0x00000000d5580000,0x00000000e1180000,0x00000000e1180000)
  from space 13312K, 0% used [0x00000000e1180000,0x00000000e1180000,0x00000000e1e80000)
  to   space 13312K, 0% used [0x00000000e6580000,0x00000000e6580000,0x00000000e7280000)
 ParOldGen       total 113664K, used 16305K [0x0000000080000000, 0x0000000086f00000, 0x00000000d5580000)
  object space 113664K, 14% used [0x0000000080000000,0x0000000080fec7f0,0x0000000086f00000)
 Metaspace       used 44580K, capacity 46376K, committed 46632K, reserved 1089536K
  class space    used 6049K, capacity 6388K, committed 6448K, reserved 1048576K
Event: 9.252 GC heap after
Heap after GC invocations=10 (full 2):
 PSYoungGen      total 275968K, used 13299K [0x00000000d5580000, 0x00000000e8b00000, 0x0000000100000000)
  eden space 262656K, 0% used [0x00000000d5580000,0x00000000d5580000,0x00000000e5600000)
  from space 13312K, 99% used [0x00000000e6580000,0x00000000e727ce30,0x00000000e7280000)
  to   space 15872K, 0% used [0x00000000e5600000,0x00000000e5600000,0x00000000e6580000)
 ParOldGen       total 113664K, used 18342K [0x0000000080000000, 0x0000000086f00000, 0x00000000d5580000)
  object space 113664K, 16% used [0x0000000080000000,0x00000000811e9980,0x0000000086f00000)
 Metaspace       used 44580K, capacity 46376K, committed 46632K, reserved 1089536K
  class space    used 6049K, capacity 6388K, committed 6448K, reserved 1048576K
}
Event: 12.353 GC heap before
{Heap before GC invocations=11 (full 2):
 PSYoungGen      total 275968K, used 172407K [0x00000000d5580000, 0x00000000e8b00000, 0x0000000100000000)
  eden space 262656K, 60% used [0x00000000d5580000,0x00000000df0e1098,0x00000000e5600000)
  from space 13312K, 99% used [0x00000000e6580000,0x00000000e727ce30,0x00000000e7280000)
  to   space 15872K, 0% used [0x00000000e5600000,0x00000000e5600000,0x00000000e6580000)
 ParOldGen       total 113664K, used 18342K [0x0000000080000000, 0x0000000086f00000, 0x00000000d5580000)
  object space 113664K, 16% used [0x0000000080000000,0x00000000811e9980,0x0000000086f00000)
 Metaspace       used 56821K, capacity 59024K, committed 59160K, reserved 1099776K
  class space    used 7697K, capacity 8153K, committed 8240K, reserved 1048576K
Event: 12.394 GC heap after
Heap after GC invocations=11 (full 2):
 PSYoungGen      total 278528K, used 15870K [0x00000000d5580000, 0x00000000ec600000, 0x0000000100000000)
  eden space 262656K, 0% used [0x00000000d5580000,0x00000000d5580000,0x00000000e5600000)
  from space 15872K, 99% used [0x00000000e5600000,0x00000000e657fb80,0x00000000e6580000)
  to   space 22016K, 0% used [0x00000000eb080000,0x00000000eb080000,0x00000000ec600000)
 ParOldGen       total 113664K, used 29058K [0x0000000080000000, 0x0000000086f00000, 0x00000000d5580000)
  object space 113664K, 25% used [0x0000000080000000,0x0000000081c60858,0x0000000086f00000)
 Metaspace       used 56821K, capacity 59024K, committed 59160K, reserved 1099776K
  class space    used 7697K, capacity 8153K, committed 8240K, reserved 1048576K
}
Event: 12.394 GC heap before
{Heap before GC invocations=12 (full 3):
 PSYoungGen      total 278528K, used 15870K [0x00000000d5580000, 0x00000000ec600000, 0x0000000100000000)
  eden space 262656K, 0% used [0x00000000d5580000,0x00000000d5580000,0x00000000e5600000)
  from space 15872K, 99% used [0x00000000e5600000,0x00000000e657fb80,0x00000000e6580000)
  to   space 22016K, 0% used [0x00000000eb080000,0x00000000eb080000,0x00000000ec600000)
 ParOldGen       total 113664K, used 29058K [0x0000000080000000, 0x0000000086f00000, 0x00000000d5580000)
  object space 113664K, 25% used [0x0000000080000000,0x0000000081c60858,0x0000000086f00000)
 Metaspace       used 56821K, capacity 59024K, committed 59160K, reserved 1099776K
  class space    used 7697K, capacity 8153K, committed 8240K, reserved 1048576K
Event: 12.766 GC heap after
Heap after GC invocations=12 (full 3):
 PSYoungGen      total 278528K, used 0K [0x00000000d5580000, 0x00000000ec600000, 0x0000000100000000)
  eden space 262656K, 0% used [0x00000000d5580000,0x00000000d5580000,0x00000000e5600000)
  from space 15872K, 0% used [0x00000000e5600000,0x00000000e5600000,0x00000000e6580000)
  to   space 22016K, 0% used [0x00000000eb080000,0x00000000eb080000,0x00000000ec600000)
 ParOldGen       total 176640K, used 38989K [0x0000000080000000, 0x000000008ac80000, 0x00000000d5580000)
  object space 176640K, 22% used [0x0000000080000000,0x00000000826136f0,0x000000008ac80000)
 Metaspace       used 56805K, capacity 58970K, committed 59160K, reserved 1099776K
  class space    used 7692K, capacity 8144K, committed 8240K, reserved 1048576K
}
Event: 18.279 GC heap before
{Heap before GC invocations=13 (full 3):
 PSYoungGen      total 278528K, used 262656K [0x00000000d5580000, 0x00000000ec600000, 0x0000000100000000)
  eden space 262656K, 100% used [0x00000000d5580000,0x00000000e5600000,0x00000000e5600000)
  from space 15872K, 0% used [0x00000000e5600000,0x00000000e5600000,0x00000000e6580000)
  to   space 22016K, 0% used [0x00000000eb080000,0x00000000eb080000,0x00000000ec600000)
 ParOldGen       total 176640K, used 38989K [0x0000000080000000, 0x000000008ac80000, 0x00000000d5580000)
  object space 176640K, 22% used [0x0000000080000000,0x00000000826136f0,0x000000008ac80000)
 Metaspace       used 67475K, capacity 70524K, committed 70808K, reserved 1110016K
  class space    used 9195K, capacity 9809K, committed 9904K, reserved 1048576K
Event: 18.315 GC heap after
Heap after GC invocations=13 (full 3):
 PSYoungGen      total 335872K, used 20755K [0x00000000d5580000, 0x00000000ec500000, 0x0000000100000000)
  eden space 314880K, 0% used [0x00000000d5580000,0x00000000d5580000,0x00000000e8900000)
  from space 20992K, 98% used [0x00000000eb080000,0x00000000ec4c4df0,0x00000000ec500000)
  to   space 24576K, 0% used [0x00000000e9500000,0x00000000e9500000,0x00000000ead00000)
 ParOldGen       total 176640K, used 38997K [0x0000000080000000, 0x000000008ac80000, 0x00000000d5580000)
  object space 176640K, 22% used [0x0000000080000000,0x00000000826156f0,0x000000008ac80000)
 Metaspace       used 67475K, capacity 70524K, committed 70808K, reserved 1110016K
  class space    used 9195K, capacity 9809K, committed 9904K, reserved 1048576K
}

