# JRE version: OpenJDK Runtime Environment (8.0_242-b01) (build 1.8.0_242-release-1644-b01)
# Java VM: OpenJDK 64-Bit Server VM (25.242-b01 mixed mode windows-amd64 compressed oops)
Heap:
 PSYoungGen      total 320512K, used 132962K [0x00000000d5580000, 0x00000000e9f00000, 0x0000000100000000)
  eden space 303616K, 43% used [0x00000000d5580000,0x00000000dd758b28,0x00000000e7e00000)
  from space 16896K, 0% used [0x00000000e7e00000,0x00000000e7e00000,0x00000000e8e80000)
  to   space 13824K, 0% used [0x00000000e9100000,0x00000000e9100000,0x00000000e9e80000)
 ParOldGen       total 99328K, used 39805K [0x0000000080000000, 0x0000000086100000, 0x00000000d5580000)
  object space 99328K, 40% used [0x0000000080000000,0x00000000826df7a0,0x0000000086100000)
 Metaspace       used 64010K, capacity 66839K, committed 66964K, reserved 1107968K
  class space    used 8744K, capacity 9352K, committed 9404K, reserved 1048576K
GC Heap History (10 events):
Event: 8.842 GC heap before
{Heap before GC invocations=8 (full 1):
 PSYoungGen      total 187392K, used 81525K [0x00000000d5580000, 0x00000000e2b80000, 0x0000000100000000)
  eden space 176128K, 40% used [0x00000000d5580000,0x00000000d9a51010,0x00000000e0180000)
  from space 11264K, 98% used [0x00000000e2080000,0x00000000e2b4c4c0,0x00000000e2b80000)
  to   space 12800K, 0% used [0x00000000e1280000,0x00000000e1280000,0x00000000e1f00000)
 ParOldGen       total 67072K, used 6834K [0x0000000080000000, 0x0000000084180000, 0x00000000d5580000)
  object space 67072K, 10% used [0x0000000080000000,0x00000000806acaf0,0x0000000084180000)
 Metaspace       used 34010K, capacity 35286K, committed 35416K, reserved 1079296K
  class space    used 4595K, capacity 4915K, committed 4992K, reserved 1048576K
Event: 8.861 GC heap after
Heap after GC invocations=8 (full 1):
 PSYoungGen      total 206336K, used 11079K [0x00000000d5580000, 0x00000000e9e80000, 0x0000000100000000)
  eden space 193536K, 0% used [0x00000000d5580000,0x00000000d5580000,0x00000000e1280000)
  from space 12800K, 86% used [0x00000000e1280000,0x00000000e1d51ec0,0x00000000e1f00000)
  to   space 13824K, 0% used [0x00000000e9100000,0x00000000e9100000,0x00000000e9e80000)
 ParOldGen       total 67072K, used 6842K [0x0000000080000000, 0x0000000084180000, 0x00000000d5580000)
  object space 67072K, 10% used [0x0000000080000000,0x00000000806aeaf0,0x0000000084180000)
 Metaspace       used 34010K, capacity 35286K, committed 35416K, reserved 1079296K
  class space    used 4595K, capacity 4915K, committed 4992K, reserved 1048576K
}
Event: 8.861 GC heap before
{Heap before GC invocations=9 (full 2):
 PSYoungGen      total 206336K, used 11079K [0x00000000d5580000, 0x00000000e9e80000, 0x0000000100000000)
  eden space 193536K, 0% used [0x00000000d5580000,0x00000000d5580000,0x00000000e1280000)
  from space 12800K, 86% used [0x00000000e1280000,0x00000000e1d51ec0,0x00000000e1f00000)
  to   space 13824K, 0% used [0x00000000e9100000,0x00000000e9100000,0x00000000e9e80000)
 ParOldGen       total 67072K, used 6842K [0x0000000080000000, 0x0000000084180000, 0x00000000d5580000)
  object space 67072K, 10% used [0x0000000080000000,0x00000000806aeaf0,0x0000000084180000)
 Metaspace       used 34010K, capacity 35286K, committed 35416K, reserved 1079296K
  class space    used 4595K, capacity 4915K, committed 4992K, reserved 1048576K
Event: 9.010 GC heap after
Heap after GC invocations=9 (full 2):
 PSYoungGen      total 206336K, used 0K [0x00000000d5580000, 0x00000000e9e80000, 0x0000000100000000)
  eden space 193536K, 0% used [0x00000000d5580000,0x00000000d5580000,0x00000000e1280000)
  from space 12800K, 0% used [0x00000000e1280000,0x00000000e1280000,0x00000000e1f00000)
  to   space 13824K, 0% used [0x00000000e9100000,0x00000000e9100000,0x00000000e9e80000)
 ParOldGen       total 99328K, used 17483K [0x0000000080000000, 0x0000000086100000, 0x00000000d5580000)
  object space 99328K, 17% used [0x0000000080000000,0x0000000081112cc0,0x0000000086100000)
 Metaspace       used 34010K, capacity 35286K, committed 35416K, reserved 1079296K
  class space    used 4595K, capacity 4915K, committed 4992K, reserved 1048576K
}
Event: 13.574 GC heap before
{Heap before GC invocations=10 (full 2):
 PSYoungGen      total 206336K, used 193536K [0x00000000d5580000, 0x00000000e9e80000, 0x0000000100000000)
  eden space 193536K, 100% used [0x00000000d5580000,0x00000000e1280000,0x00000000e1280000)
  from space 12800K, 0% used [0x00000000e1280000,0x00000000e1280000,0x00000000e1f00000)
  to   space 13824K, 0% used [0x00000000e9100000,0x00000000e9100000,0x00000000e9e80000)
 ParOldGen       total 99328K, used 17483K [0x0000000080000000, 0x0000000086100000, 0x00000000d5580000)
  object space 99328K, 17% used [0x0000000080000000,0x0000000081112cc0,0x0000000086100000)
 Metaspace       used 44975K, capacity 47056K, committed 47192K, reserved 1089536K
  class space    used 6089K, capacity 6510K, committed 6528K, reserved 1048576K
Event: 13.621 GC heap after
Heap after GC invocations=10 (full 2):
 PSYoungGen      total 317440K, used 13811K [0x00000000d5580000, 0x00000000e9f00000, 0x0000000100000000)
  eden space 303616K, 0% used [0x00000000d5580000,0x00000000d5580000,0x00000000e7e00000)
  from space 13824K, 99% used [0x00000000e9100000,0x00000000e9e7cc18,0x00000000e9e80000)
  to   space 16896K, 0% used [0x00000000e7e00000,0x00000000e7e00000,0x00000000e8e80000)
 ParOldGen       total 99328K, used 20322K [0x0000000080000000, 0x0000000086100000, 0x00000000d5580000)
  object space 99328K, 20% used [0x0000000080000000,0x00000000813d8b68,0x0000000086100000)
 Metaspace       used 44975K, capacity 47056K, committed 47192K, reserved 1089536K
  class space    used 6089K, capacity 6510K, committed 6528K, reserved 1048576K
}
Event: 16.908 GC heap before
{Heap before GC invocations=11 (full 2):
 PSYoungGen      total 317440K, used 162502K [0x00000000d5580000, 0x00000000e9f00000, 0x0000000100000000)
  eden space 303616K, 48% used [0x00000000d5580000,0x00000000de6b4cb0,0x00000000e7e00000)
  from space 13824K, 99% used [0x00000000e9100000,0x00000000e9e7cc18,0x00000000e9e80000)
  to   space 16896K, 0% used [0x00000000e7e00000,0x00000000e7e00000,0x00000000e8e80000)
 ParOldGen       total 99328K, used 20322K [0x0000000080000000, 0x0000000086100000, 0x00000000d5580000)
  object space 99328K, 20% used [0x0000000080000000,0x00000000813d8b68,0x0000000086100000)
 Metaspace       used 56577K, capacity 58981K, committed 59028K, reserved 1099776K
  class space    used 7615K, capacity 8124K, committed 8124K, reserved 1048576K
Event: 16.985 GC heap after
Heap after GC invocations=11 (full 2):
 PSYoungGen      total 320512K, used 16892K [0x00000000d5580000, 0x00000000e9f00000, 0x0000000100000000)
  eden space 303616K, 0% used [0x00000000d5580000,0x00000000d5580000,0x00000000e7e00000)
  from space 16896K, 99% used [0x00000000e7e00000,0x00000000e8e7f340,0x00000000e8e80000)
  to   space 13824K, 0% used [0x00000000e9100000,0x00000000e9100000,0x00000000e9e80000)
 ParOldGen       total 99328K, used 29142K [0x0000000080000000, 0x0000000086100000, 0x00000000d5580000)
  object space 99328K, 29% used [0x0000000080000000,0x0000000081c75930,0x0000000086100000)
 Metaspace       used 56577K, capacity 58981K, committed 59028K, reserved 1099776K
  class space    used 7615K, capacity 8124K, committed 8124K, reserved 1048576K
}
Event: 16.985 GC heap before
{Heap before GC invocations=12 (full 3):
 PSYoungGen      total 320512K, used 16892K [0x00000000d5580000, 0x00000000e9f00000, 0x0000000100000000)
  eden space 303616K, 0% used [0x00000000d5580000,0x00000000d5580000,0x00000000e7e00000)
  from space 16896K, 99% used [0x00000000e7e00000,0x00000000e8e7f340,0x00000000e8e80000)
  to   space 13824K, 0% used [0x00000000e9100000,0x00000000e9100000,0x00000000e9e80000)
 ParOldGen       total 99328K, used 29142K [0x0000000080000000, 0x0000000086100000, 0x00000000d5580000)
  object space 99328K, 29% used [0x0000000080000000,0x0000000081c75930,0x0000000086100000)
 Metaspace       used 56577K, capacity 58981K, committed 59028K, reserved 1099776K
  class space    used 7615K, capacity 8124K, committed 8124K, reserved 1048576K
Event: 17.492 GC heap after
Heap after GC invocations=12 (full 3):
 PSYoungGen      total 320512K, used 0K [0x00000000d5580000, 0x00000000e9f00000, 0x0000000100000000)
  eden space 303616K, 0% used [0x00000000d5580000,0x00000000d5580000,0x00000000e7e00000)
  from space 16896K, 0% used [0x00000000e7e00000,0x00000000e7e00000,0x00000000e8e80000)
  to   space 13824K, 0% used [0x00000000e9100000,0x00000000e9100000,0x00000000e9e80000)
 ParOldGen       total 99328K, used 39805K [0x0000000080000000, 0x0000000086100000, 0x00000000d5580000)
  object space 99328K, 40% used [0x0000000080000000,0x00000000826df7a0,0x0000000086100000)
 Metaspace       used 56558K, capacity 58915K, committed 59028K, reserved 1099776K
  class space    used 7609K, capacity 8113K, committed 8124K, reserved 1048576K
}

